
> mis-app@0.1.0 build
> next build

Γû▓ Next.js 16.2.1 (Turbopack)
- Environments: .env.local

  Creating an optimized production build ...
Γ£ô Compiled successfully in 3.1s
  Running TypeScript ...
node.exe : Failed to type check.
At line:1 char:1
+ & "C:\Program Files\nodejs/node.exe" 
"C:\Program Files\nodejs/node_mo ...
+ ~~~~~~~~~~~~~~~~~~~~~~~~~~~~~~~~~~~~~~~~~~~~~~~~
~~~~~~~~~~~~~~~~~~~~~
    + CategoryInfo          : NotSpecified: (Fail 
   ed to type check.:String) [], RemoteException
    + FullyQualifiedErrorId : NativeCommandError
 

.next/types/validator.ts:153:31
Type error: Type 'typeof 
import("C:/Users/yoges/Downloads/My VSProject/MIS/
src/app/api/contributions/[id]/route")' does not 
satisfy the constraint 
'RouteHandlerConfig<"/api/contributions/[id]">'.
  Types of property 'PATCH' are incompatible.
    Type '(request: Request, { params }: { 
params: { id: string; }; }) => 
Promise<NextResponse<{ error: string; }> | 
NextResponse<{ data: any; }>>' is not assignable 
to type '(request: NextRequest, context: { 
params: Promise<{ id: string; }>; }) => void | 
Response | Promise<void | Response>'.
      Types of parameters '__1' and 'context' are 
incompatible.
        Type '{ params: Promise<{ id: string; }>; 
}' is not assignable to type '{ params: { id: 
string; }; }'.
          Types of property 'params' are 
incompatible.
            Property 'id' is missing in type 
'Promise<{ id: string; }>' but required in type 
'{ id: string; }'.

  [90m151 |[0m   [36mtype[0m 
__IsExpected<[33mSpecific[0m [36mextends[0m [
33mRouteHandlerConfig[0m<[32m"/api/contributions
/[id]"[0m>> = [33mSpe...[0m
  [90m152 |[0m   [36mconst[0m handler = {} 
[36mas[0m [36mtypeof[0m [36mimport[0m([32m"
../../src/app/api/contributions/[id]/route.js"[0m
)
[31m[1m>[0m [90m153 |[0m   [36mtype[0m 
__Check = __IsExpected<[36mtypeof[0m handler>
  [90m    |[0m                               
[31m[1m^[0m
  [90m154 |[0m   [90m// @ts-ignore[0m
  [90m155 |[0m   [36mtype[0m __Unused = 
__Check
  [90m156 |[0m }
Next.js build worker exited with code: 1 and 
signal: null
